<?xml version="1.0" encoding="UTF-8"?>
<robot generator="Robot 7.3.1 (Python 3.13.5 on win32)" generated="2025-07-04T01:33:15.655142" rpa="false" schemaversion="5">
<suite id="s1" name="Test Elpais" source="C:\Users\reramana\Desktop\BrowserStack_Assignment_Robot\BrowserStack_Assignment_Robot\tests\test_elpais.robot">
<test id="s1-t1" name="Open El Pais On BrowserStack" line="7">
<kw name="Open Browser" owner="SeleniumLibrary">
<msg time="2025-07-04T01:33:18.404662" level="WARN">desired_capabilities has been deprecated and removed. Please use options to configure browsers as per documentation.</msg>
<msg time="2025-07-04T01:33:18.405443" level="INFO">Opening browser 'firefox' to base url 'https://elpais.com/opinion/' through remote server at 'https://renjithramanan_8gpeND:xMqAPwSxt4D1zWzgX4yS@hub-cloud.browserstack.com/wd/hub'.</msg>
<msg time="2025-07-04T01:33:40.250000" level="INFO">C:\Users\reramana\Desktop\BrowserStack_Assignment_Robot\BrowserStack_Assignment_Robot\.venv\Lib\site-packages\selenium\webdriver\remote\remote_connection.py:418: UserWarning: Embedding username and password in URL could be insecure, use ClientConfig instead
  headers = self.get_remote_connection_headers(parsed_url, self._client_config.keep_alive)</msg>
<arg>${URL}</arg>
<arg>remote_url=${REMOTE_URL}</arg>
<arg>desired_capabilities=${CAPABILITIES}</arg>
<doc>Opens a new browser instance to the optional ``url``.</doc>
<status status="PASS" start="2025-07-04T01:33:18.403261" elapsed="21.847466"/>
</kw>
<kw name="Maximize Browser Window" owner="SeleniumLibrary">
<doc>Maximizes current browser window.</doc>
<status status="PASS" start="2025-07-04T01:33:40.251798" elapsed="0.509739"/>
</kw>
<kw name="Sleep" owner="BuiltIn">
<msg time="2025-07-04T01:33:42.763485" level="INFO">Slept 2 seconds.</msg>
<arg>2s</arg>
<doc>Pauses the test executed for the given time.</doc>
<status status="PASS" start="2025-07-04T01:33:40.762314" elapsed="2.001521"/>
</kw>
<kw name="Run Keyword And Return Status" owner="BuiltIn">
<kw name="Element Should Be Visible" owner="SeleniumLibrary">
<msg time="2025-07-04T01:33:43.537577" level="INFO" html="true">&lt;/td&gt;&lt;/tr&gt;&lt;tr&gt;&lt;td colspan="3"&gt;&lt;a href="selenium-screenshot-1.png"&gt;&lt;img src="selenium-screenshot-1.png" width="800px"&gt;&lt;/a&gt;</msg>
<msg time="2025-07-04T01:33:43.538082" level="FAIL">Element with locator '//button[@id='didomi-notice-agree-button']' not found.</msg>
<arg>//button[@id='didomi-notice-agree-button']</arg>
<doc>Verifies that the element identified by ``locator`` is visible.</doc>
<status status="FAIL" start="2025-07-04T01:33:42.765135" elapsed="0.781722">Element with locator '//button[@id='didomi-notice-agree-button']' not found.</status>
</kw>
<msg time="2025-07-04T01:33:43.547420" level="INFO">${is_visible} = False</msg>
<var>${is_visible}</var>
<arg>Element Should Be Visible</arg>
<arg>//button[@id='didomi-notice-agree-button']</arg>
<doc>Runs the given keyword with given arguments and returns the status as a Boolean value.</doc>
<status status="PASS" start="2025-07-04T01:33:42.764615" elapsed="0.782888"/>
</kw>
<kw name="Run Keyword If" owner="BuiltIn">
<arg>${is_visible}</arg>
<arg>Click Element</arg>
<arg>//button[@id='didomi-notice-agree-button']</arg>
<doc>Runs the given keyword with the given arguments, if ``condition`` is true.</doc>
<status status="PASS" start="2025-07-04T01:33:43.548649" elapsed="0.000372"/>
</kw>
<kw name="Scrape And Translate Articles" owner="scraper">
<msg time="2025-07-04T01:33:58.199130" level="INFO">${articles} = [{'original_title': 'Cara y cruz de la cumbre de Sevilla', 'original_content': 'La Conferencia sobre Desarrollo plantea objetivos urgentes que solo podrán alcanzarse con una voluntad política que ahor...</msg>
<msg time="2025-07-04T01:33:58.199408" level="INFO">${repeats} = {'victory': 2, 'face': 2, 'delta': 2, 'would': 2, 'people': 2}</msg>
<var>${articles}</var>
<var>${repeats}</var>
<status status="PASS" start="2025-07-04T01:33:43.549845" elapsed="14.649653"/>
</kw>
<kw name="Log" owner="BuiltIn">
<msg time="2025-07-04T01:33:58.201268" level="INFO">[{'original_title': 'Cara y cruz de la cumbre de Sevilla', 'original_content': 'La Conferencia sobre Desarrollo plantea objetivos urgentes que solo podrán alcanzarse con una voluntad política que ahora no existe', 'translated_title': 'Two sides of the Seville summit', 'translated_content': 'The Conference on Development sets urgent objectives that can only be achieved with a political will that does not currently exist.'}, {'original_title': 'El reto de la izquierda en Chile', 'original_content': 'La victoria de Jeannette Jara en las primarias debería ser vista no como la de un partido sino como una posibilidad de disputar la presidencia en noviembre', 'translated_title': 'The challenge of the left in Chile', 'translated_content': "Jeannette Jara's victory in the primaries should be seen not as a victory for a party but as a chance to compete for the presidency in November."}, {'original_title': '¡Socialdemócratas, despertad!', 'original_content': '¿Ya no quedan ideas? ¿Han tirado los partidos la toalla frente al avance de la extrema derecha que dice defender los intereses de la clase trabajadora?', 'translated_title': 'Social Democrats, wake up!', 'translated_content': 'Are there no more ideas? Have the parties thrown in the towel in the face of the advance of the far right, which claims to defend the interests of the working class?'}, {'original_title': '¿El ejército de Trump?', 'original_content': 'Para el líder republicano, quien puede definir al enemigo puede mantenerse en el poder. Por eso él habla de la inmigración como una invasión', 'translated_title': "Trump's army?", 'translated_content': "For the Republican leader, whoever can define the enemy can stay in power. That's why he speaks of immigration as an invasion."}, {'original_title': 'Por quién cantan las sirenas', 'original_content': 'El delta de la Camarga, a menudo idealizado como un refugio natural salvaje, ha sido moldeado durante siglos por el ser humano para hacerlo habitable. Según una herramienta del IPCC, con un aumento de 2,5°C, gran parte del delta del Ródano quedaría sumergido. Localidades como Aigues-Mortes y Arlés estarían bajo el agua o junto al mar. Para comprender cómo enfrentan los habitantes este futuro incierto, el autor se adentra en sus vidas: personas arraigadas a tradiciones rurales, rebeldes, de caza y agricultura. A través de retratos y reflexiones poéticas, el texto retrata un territorio y a sus gentes ante la amenaza de desaparecer', 'translated_title': 'For whom the sirens sing', 'translated_content': 'The Camargue Delta, often idealized as a wild natural refuge, has been shaped for centuries by humans to make it habitable. According to an IPCC tool, with a 2.5°C rise, much of the Rhône Delta would be submerged. Towns like Aigues-Mortes and Arles would be underwater or by the sea. To understand how the inhabitants face this uncertain future, the author delves into their lives: people rooted in rural, rebellious, hunting, and agricultural traditions. Through portraits and poetic reflections, the text portrays a territory and its people facing the threat of disappearing.'}]</msg>
<arg>${articles}</arg>
<doc>Logs the given message with the given level.</doc>
<status status="PASS" start="2025-07-04T01:33:58.200396" elapsed="0.001142"/>
</kw>
<kw name="Log" owner="BuiltIn">
<msg time="2025-07-04T01:33:58.202701" level="INFO">{'victory': 2, 'face': 2, 'delta': 2, 'would': 2, 'people': 2}</msg>
<arg>${repeats}</arg>
<doc>Logs the given message with the given level.</doc>
<status status="PASS" start="2025-07-04T01:33:58.202360" elapsed="0.000455"/>
</kw>
<kw name="Close Browser" owner="SeleniumLibrary">
<doc>Closes the current browser.</doc>
<status status="PASS" start="2025-07-04T01:33:58.203493" elapsed="1.389607"/>
</kw>
<doc>Open El Pais, click Accept if present, scrape &amp; translate articles, close browser</doc>
<status status="PASS" start="2025-07-04T01:33:18.398488" elapsed="41.196229"/>
</test>
<status status="PASS" start="2025-07-04T01:33:15.660383" elapsed="43.937221"/>
</suite>
<statistics>
<total>
<stat pass="1" fail="0" skip="0">All Tests</stat>
</total>
<tag>
</tag>
<suite>
<stat name="Test Elpais" id="s1" pass="1" fail="0" skip="0">Test Elpais</stat>
</suite>
</statistics>
<errors>
<msg time="2025-07-04T01:33:18.404662" level="WARN">desired_capabilities has been deprecated and removed. Please use options to configure browsers as per documentation.</msg>
</errors>
</robot>
